<?xml version="1.0" encoding="UTF-8"?>
<!-- Generated by org.testng.reporters.JUnitXMLReporter -->
<testsuite ignored="2" hostname="DESKTOP-SLJDB0A" failures="0" tests="2" name="Test1" time="95.049" errors="0" timestamp="2024-11-07T10:15:46 IST">
  <testcase classname="testCaseRepo.TC_009" name="CON_01" time="39.154"/>
  <testcase classname="testCaseRepo.TC_008" name="ORG_04" time="13.668"/>
  <testcase classname="genericUtility.BaseClass" name="@AfterSuite closeDBConnection" time="0.0">
    <ignored/>
  </testcase> <!-- @AfterSuite closeDBConnection -->
  <testcase classname="genericUtility.BaseClass" name="@BeforeSuite dbConnection" time="0.0">
    <ignored/>
  </testcase> <!-- @BeforeSuite dbConnection -->
</testsuite> <!-- Test1 -->
